2017-08-14 16:06:24.265  INFO 3516 --- [main] com.kang.Application                     : No active profile set, falling back to default profiles: default
2017-08-14 16:06:28.059  WARN 3516 --- [main] o.s.c.a.ConfigurationClassPostProcessor  : Cannot enhance @Configuration bean definition 'refreshScope' since its singleton instance has been created too early. The typical cause is a non-static @Bean method with a BeanDefinitionRegistryPostProcessor return type: Consider declaring such methods as 'static'.
2017-08-14 16:06:31.357  INFO 3516 --- [main] o.apache.catalina.core.StandardService   : Starting service [Tomcat]
2017-08-14 16:06:31.359  INFO 3516 --- [main] org.apache.catalina.core.StandardEngine  : Starting Servlet Engine: Apache Tomcat/8.5.15
2017-08-14 16:06:31.895  INFO 3516 --- [localhost-startStop-1] o.a.c.c.C.[Tomcat].[localhost].[/]       : Initializing Spring embedded WebApplicationContext
2017-08-14 16:06:34.540  WARN 3516 --- [main] c.b.mybatisplus.toolkit.JdbcUtils        : The jdbcUrl is jdbc:MySQL://127.0.0.1:3306/test, Mybatis Plus Cannot Read Database type or The Database's Not Supported!
2017-08-14 16:06:41.575  WARN 3516 --- [main] c.n.c.sources.URLConfigurationSource     : No URLs will be polled as dynamic configuration sources.
2017-08-14 16:06:41.575  INFO 3516 --- [main] c.n.c.sources.URLConfigurationSource     : To enable URLs as dynamic configuration sources, define System property archaius.configurationSource.additionalUrls or make config.properties available on classpath.
2017-08-14 16:06:41.622  WARN 3516 --- [main] c.n.c.sources.URLConfigurationSource     : No URLs will be polled as dynamic configuration sources.
2017-08-14 16:06:41.622  INFO 3516 --- [main] c.n.c.sources.URLConfigurationSource     : To enable URLs as dynamic configuration sources, define System property archaius.configurationSource.additionalUrls or make config.properties available on classpath.
2017-08-14 16:06:44.124  INFO 3516 --- [main] c.n.d.provider.DiscoveryJerseyProvider   : Using JSON encoding codec LegacyJacksonJson
2017-08-14 16:06:44.127  INFO 3516 --- [main] c.n.d.provider.DiscoveryJerseyProvider   : Using JSON decoding codec LegacyJacksonJson
2017-08-14 16:06:44.667  INFO 3516 --- [main] c.n.d.provider.DiscoveryJerseyProvider   : Using XML encoding codec XStreamXml
2017-08-14 16:06:44.669  INFO 3516 --- [main] c.n.d.provider.DiscoveryJerseyProvider   : Using XML decoding codec XStreamXml
2017-08-14 16:06:45.940  INFO 3516 --- [main] c.n.d.s.r.aws.ConfigClusterResolver      : Resolving eureka endpoints via configuration
2017-08-14 16:06:46.291  INFO 3516 --- [main] com.netflix.discovery.DiscoveryClient    : Disable delta property : false
2017-08-14 16:06:46.292  INFO 3516 --- [main] com.netflix.discovery.DiscoveryClient    : Single vip registry refresh property : null
2017-08-14 16:06:46.292  INFO 3516 --- [main] com.netflix.discovery.DiscoveryClient    : Force full registry fetch : false
2017-08-14 16:06:46.292  INFO 3516 --- [main] com.netflix.discovery.DiscoveryClient    : Application is null : false
2017-08-14 16:06:46.292  INFO 3516 --- [main] com.netflix.discovery.DiscoveryClient    : Registered Applications size is zero : true
2017-08-14 16:06:46.294  INFO 3516 --- [main] com.netflix.discovery.DiscoveryClient    : Application version is -1: true
2017-08-14 16:06:46.295  INFO 3516 --- [main] com.netflix.discovery.DiscoveryClient    : Getting all instance registry info from the eureka server
2017-08-14 16:06:46.706  INFO 3516 --- [main] com.netflix.discovery.DiscoveryClient    : The response status is 200
2017-08-14 16:06:46.710  INFO 3516 --- [main] com.netflix.discovery.DiscoveryClient    : Starting heartbeat executor: renew interval is: 30
2017-08-14 16:06:46.714  INFO 3516 --- [main] c.n.discovery.InstanceInfoReplicator     : InstanceInfoReplicator onDemand update allowed rate per min is 4
2017-08-14 16:06:46.721  INFO 3516 --- [main] com.netflix.discovery.DiscoveryClient    : Discovery Client initialized at timestamp 1502698006720 with initial instances count: 2
2017-08-14 16:06:46.833  INFO 3516 --- [main] com.netflix.discovery.DiscoveryClient    : Saw local status change event StatusChangeEvent [timestamp=1502698006833, current=UP, previous=STARTING]
2017-08-14 16:06:46.857  INFO 3516 --- [DiscoveryClient-InstanceInfoReplicator-0] com.netflix.discovery.DiscoveryClient    : DiscoveryClient_CLOUD-SIMPLE-SERVICE/DESKTOP-9TKR2F4:cloud-simple-service:8081: registering service...
2017-08-14 16:06:47.087  INFO 3516 --- [DiscoveryClient-InstanceInfoReplicator-0] com.netflix.discovery.DiscoveryClient    : DiscoveryClient_CLOUD-SIMPLE-SERVICE/DESKTOP-9TKR2F4:cloud-simple-service:8081 - registration status: 204
2017-08-14 16:06:47.291  INFO 3516 --- [main] com.kang.Application                     : Started Application in 29.959 seconds (JVM running for 31.444)
2017-08-14 16:07:27.636  INFO 3516 --- [http-nio-8081-exec-10] o.a.c.c.C.[Tomcat].[localhost].[/]       : Initializing Spring FrameworkServlet 'dispatcherServlet'
2017-08-14 16:11:46.301  INFO 3516 --- [AsyncResolver-bootstrap-executor-0] c.n.d.s.r.aws.ConfigClusterResolver      : Resolving eureka endpoints via configuration
2017-08-14 16:16:46.302  INFO 3516 --- [AsyncResolver-bootstrap-executor-0] c.n.d.s.r.aws.ConfigClusterResolver      : Resolving eureka endpoints via configuration
2017-08-14 16:21:46.307  INFO 3516 --- [AsyncResolver-bootstrap-executor-0] c.n.d.s.r.aws.ConfigClusterResolver      : Resolving eureka endpoints via configuration
2017-08-14 16:26:46.308  INFO 3516 --- [AsyncResolver-bootstrap-executor-0] c.n.d.s.r.aws.ConfigClusterResolver      : Resolving eureka endpoints via configuration
2017-08-14 16:31:46.309  INFO 3516 --- [AsyncResolver-bootstrap-executor-0] c.n.d.s.r.aws.ConfigClusterResolver      : Resolving eureka endpoints via configuration
